<workflow>
<workflow_name>Start application</workflow_name>
<status>RUNNING</status><run_id>TmfLhqpKps44vw9XW9uHm</run_id><timestamp>2026-03-20T16:48:28.660635+00:00</timestamp>
<logs>[1] 6465
[16:47:53] background_runner: starting — loading app.py engine
Collecting usage statistics. To deactivate, set browser.gatherUsageStats to false.
[github_auto_push] Starting daily auto-push loop (interval: 86400s)
[github_auto_push] Background thread started
[16:47:54] background_runner: github auto-push thread started
[16:47:54] background_runner: entering keep-alive loop
  You can now view your Streamlit app in your browser.
  Local URL: http://localhost:5000
  Network URL: http://172.31.100.130:5000
  External URL: http://35.247.40.112:5000
  [2026-03-20 16:47:54 UTC] daily_reports/daily_report_2026-03-20.md: 200 OK
  [2026-03-20 16:47:54 UTC] auto_trade_settings.json: 200 OK
  [2026-03-20 16:47:54 UTC] app.py: 200 OK
  [2026-03-20 16:47:54 UTC] background_runner.py: 200 OK
  [2026-03-20 16:47:54 UTC] replit.md: 200 OK
  [2026-03-20 16:47:54 UTC] github_auto_push.py: 200 OK
  [2026-03-20 16:47:54 UTC] daily_reports/logs/2026-03-20_Start_application_20260320_161958_125.log: 200 OK
  [2026-03-20 16:47:54 UTC] daily_reports/logs/2026-03-20_Start_application_20260320_162422_910.log: 200 OK
  [2026-03-20 16:47:54 UTC] push_log: 200 OK
[2026-03-20 16:47:54 UTC] Daily push complete: 8 succeeded, 0 failed</logs>
</workflow>
