<workflow>
<workflow_name>Start application</workflow_name>
<status>RUNNING</status><run_id>890h-x3wBvh8lIx4-5PhD</run_id><timestamp>2026-03-20T07:31:30.616547+00:00</timestamp>
<logs>[1] 22438
[04:18:52] background_runner: starting — loading app.py engine
Collecting usage statistics. To deactivate, set browser.gatherUsageStats to false.
[04:18:52] background_runner: entering keep-alive loop
2026-03-20 04:18:53.139 Port 5000 is not available
[04:23:52] background_runner alive — threads: ['MainThread', 'keep-alive', 'Thread-1 (_bg_data_loop)', 'Thread-2 (run_forever)', 'Thread-3 (_bobby_thread_target)', 'Thread-4 (_run_safe_shutdown_loop)', 'Thread-5 (_ensemble_thread_target)', 'auto-trader', 'Thread-7 (_ensemble_deep_inference_loop)', 'ensemble-trainer', 'persist-labels']
[04:28:53] background_runner alive — threads: ['MainThread', 'keep-alive', 'Thread-1 (_bg_data_loop)', 'Thread-2 (run_forever)', 'Thread-3 (_bobby_thread_target)', 'Thread-4 (_run_safe_shutdown_loop)', 'Thread-5 (_ensemble_thread_target)', 'auto-trader', 'Thread-7 (_ensemble_deep_inference_loop)', 'ensemble-trainer']
[04:33:53] background_runner alive — threads: ['MainThread', 'keep-alive', 'Thread-1 (_bg_data_loop)', 'Thread-2 (run_forever)', 'Thread-3 (_bobby_thread_target)', 'Thread-4 (_run_safe_shutdown_loop)', 'Thread-5 (_ensemble_thread_target)', 'auto-trader', 'Thread-7 (_ensemble_deep_inference_loop)', 'ensemble-trainer']
[04:38:53] background_runner alive — threads: ['MainThread', 'keep-alive', 'Thread-1 (_bg_data_loop)', 'Thread-2 (run_forever)', 'Thread-3 (_bobby_thread_target)', 'Thread-4 (_run_safe_shutdown_loop)', 'Thread-5 (_ensemble_thread_target)', 'auto-trader', 'Thread-7 (_ensemble_deep_inference_loop)', 'ensemble-trainer']
[04:43:53] background_runner alive — threads: ['MainThread', 'keep-alive', 'Thread-1 (_bg_data_loop)', 'Thread-2 (run_forever)', 'Thread-3 (_bobby_thread_target)', 'Thread-4 (_run_safe_shutdown_loop)', 'Thread-5 (_ensemble_thread_target)', 'auto-trader', 'Thread-7 (_ensemble_deep_inference_loop)', 'ensemble-trainer']
[04:48:53] background_runner alive — threads: ['MainThread', 'keep-alive', 'Thread-1 (_bg_data_loop)', 'Thread-2 (run_forever)', 'Thread-3 (_bobby_thread_target)', 'Thread-4 (_run_safe_shutdown_loop)', 'Thread-5 (_ensemble_thread_target)', 'auto-trader', 'Thread-7 (_ensemble_deep_inference_loop)', 'ensemble-trainer']
[04:53:54] background_runner alive — threads: ['MainThread', 'keep-alive', 'Thread-1 (_bg_data_loop)', 'Thread-2 (run_forever)', 'Thread-3 (_bobby_thread_target)', 'Thread-4 (_run_safe_shutdown_loop)', 'Thread-5 (_ensemble_thread_target)', 'auto-trader', 'Thread-7 (_ensemble_deep_inference_loop)', 'ensemble-trainer']
[04:58:54] background_runner alive — threads: ['MainThread', 'keep-alive', 'Thread-1 (_bg_data_loop)', 'Thread-2 (run_forever)', 'Thread-3 (_bobby_thread_target)', 'Thread-4 (_run_safe_shutdown_loop)', 'Thread-5 (_ensemble_thread_target)', 'auto-trader', 'Thread-7 (_ensemble_deep_inference_loop)', 'ensemble-trainer']
[05:03:54] background_runner alive — threads: ['MainThread', 'keep-alive', 'Thread-1 (_bg_data_loop)', 'Thread-2 (run_forever)', 'Thread-3 (_bobby_thread_target)', 'Thread-4 (_run_safe_shutdown_loop)', 'Thread-5 (_ensemble_thread_target)', 'auto-trader', 'Thread-7 (_ensemble_deep_inference_loop)', 'ensemble-trainer']
[05:08:54] background_runner alive — threads: ['MainThread', 'keep-alive', 'Thread-1 (_bg_data_loop)', 'Thread-2 (run_forever)', 'Thread-3 (_bobby_thread_target)', 'Thread-4 (_run_safe_shutdown_loop)', 'Thread-5 (_ensemble_thread_target)', 'auto-trader', 'Thread-7 (_ensemble_deep_inference_loop)', 'ensemble-trainer']
[05:13:55] background_runner alive — threads: ['MainThread', 'keep-alive', 'Thread-1 (_bg_data_loop)', 'Thread-2 (run_forever)', 'Thread-3 (_bobby_thread_target)', 'Thread-4 (_run_safe_shutdown_loop)', 'Thread-5 (_ensemble_thread_target)', 'auto-trader', 'Thread-7 (_ensemble_deep_inference_loop)', 'ensemble-trainer']
[05:18:55] background_runner alive — threads: ['MainThread', 'keep-alive', 'Thread-1 (_bg_data_loop)', 'Thread-2 (run_forever)', 'Thread-3 (_bobby_thread_target)', 'Thread-4 (_run_safe_shutdown_loop)', 'Thread-5 (_ensemble_thread_target)', 'auto-trader', 'Thread-7 (_ensemble_deep_inference_loop)', 'ensemble-trainer']
[05:23:55] background_runner alive — threads: ['MainThread', 'keep-alive', 'Thread-1 (_bg_data_loop)', 'Thread-2 (run_forever)', 'Thread-3 (_bobby_thread_target)', 'Thread-4 (_run_safe_shutdown_loop)', 'Thread-5 (_ensemble_thread_target)', 'auto-trader', 'Thread-7 (_ensemble_deep_inference_loop)', 'ensemble-trainer']
[05:28:55] background_runner alive — threads: ['MainThread', 'keep-alive', 'Thread-1 (_bg_data_loop)', 'Thread-2 (run_forever)', 'Thread-3 (_bobby_thread_target)', 'Thread-4 (_run_safe_shutdown_loop)', 'Thread-5 (_ensemble_thread_target)', 'auto-trader', 'Thread-7 (_ensemble_deep_inference_loop)', 'ensemble-trainer']
[05:33:55] background_runner alive — threads: ['MainThread', 'keep-alive', 'Thread-1 (_bg_data_loop)', 'Thread-2 (run_forever)', 'Thread-3 (_bobby_thread_target)', 'Thread-4 (_run_safe_shutdown_loop)', 'Thread-5 (_ensemble_thread_target)', 'auto-trader', 'Thread-7 (_ensemble_deep_inference_loop)', 'ensemble-trainer']
[05:38:55] background_runner alive — threads: ['MainThread', 'keep-alive', 'Thread-1 (_bg_data_loop)', 'Thread-2 (run_forever)', 'Thread-3 (_bobby_thread_target)', 'Thread-4 (_run_safe_shutdown_loop)', 'Thread-5 (_ensemble_thread_target)', 'auto-trader', 'Thread-7 (_ensemble_deep_inference_loop)', 'ensemble-trainer', 'Thread-712 (db_save_bobby_brti)']
[05:43:55] background_runner alive — threads: ['MainThread', 'keep-alive', 'Thread-1 (_bg_data_loop)', 'Thread-2 (run_forever)', 'Thread-3 (_bobby_thread_target)', 'Thread-4 (_run_safe_shutdown_loop)', 'Thread-5 (_ensemble_thread_target)', 'auto-trader', 'Thread-7 (_ensemble_deep_inference_loop)', 'ensemble-trainer']
[05:48:56] background_runner alive — threads: ['MainThread', 'keep-alive', 'Thread-1 (_bg_data_loop)', 'Thread-2 (run_forever)', 'Thread-3 (_bobby_thread_target)', 'Thread-4 (_run_safe_shutdown_loop)', 'Thread-5 (_ensemble_thread_target)', 'auto-trader', 'Thread-7 (_ensemble_deep_inference_loop)', 'ensemble-trainer']
[05:53:56] background_runner alive — threads: ['MainThread', 'keep-alive', 'Thread-1 (_bg_data_loop)', 'Thread-2 (run_forever)', 'Thread-3 (_bobby_thread_target)', 'Thread-4 (_run_safe_shutdown_loop)', 'Thread-5 (_ensemble_thread_target)', 'auto-trader', 'Thread-7 (_ensemble_deep_inference_loop)', 'ensemble-trainer']
[05:58:56] background_runner alive — threads: ['MainThread', 'keep-alive', 'Thread-1 (_bg_data_loop)', 'Thread-2 (run_forever)', 'Thread-3 (_bobby_thread_target)', 'Thread-4 (_run_safe_shutdown_loop)', 'Thread-5 (_ensemble_thread_target)', 'auto-trader', 'Thread-7 (_ensemble_deep_inference_loop)', 'ensemble-trainer']
[06:03:56] background_runner alive — threads: ['MainThread', 'keep-alive', 'Thread-1 (_bg_data_loop)', 'Thread-2 (run_forever)', 'Thread-3 (_bobby_thread_target)', 'Thread-4 (_run_safe_shutdown_loop)', 'Thread-5 (_ensemble_thread_target)', 'auto-trader', 'Thread-7 (_ensemble_deep_inference_loop)', 'ensemble-trainer']
[06:08:57] background_runner alive — threads: ['MainThread', 'keep-alive', 'Thread-1 (_bg_data_loop)', 'Thread-2 (run_forever)', 'Thread-3 (_bobby_thread_target)', 'Thread-4 (_run_safe_shutdown_loop)', 'Thread-5 (_ensemble_thread_target)', 'auto-trader', 'Thread-7 (_ensemble_deep_inference_loop)', 'ensemble-trainer']
[06:13:57] background_runner alive — threads: ['MainThread', 'keep-alive', 'Thread-1 (_bg_data_loop)', 'Thread-2 (run_forever)', 'Thread-3 (_bobby_thread_target)', 'Thread-4 (_run_safe_shutdown_loop)', 'Thread-5 (_ensemble_thread_target)', 'auto-trader', 'Thread-7 (_ensemble_deep_inference_loop)', 'ensemble-trainer']
[06:18:57] background_runner alive — threads: ['MainThread', 'keep-alive', 'Thread-1 (_bg_data_loop)', 'Thread-2 (run_forever)', 'Thread-3 (_bobby_thread_target)', 'Thread-4 (_run_safe_shutdown_loop)', 'Thread-5 (_ensemble_thread_target)', 'auto-trader', 'Thread-7 (_ensemble_deep_inference_loop)', 'ensemble-trainer']
[06:23:57] background_runner alive — threads: ['MainThread', 'keep-alive', 'Thread-1 (_bg_data_loop)', 'Thread-2 (run_forever)', 'Thread-3 (_bobby_thread_target)', 'Thread-4 (_run_safe_shutdown_loop)', 'Thread-5 (_ensemble_thread_target)', 'auto-trader', 'Thread-7 (_ensemble_deep_inference_loop)', 'ensemble-trainer', 'Thread-1099 (db_save_brti_ticks)']
[06:28:57] background_runner alive — threads: ['MainThread', 'keep-alive', 'Thread-1 (_bg_data_loop)', 'Thread-2 (run_forever)', 'Thread-3 (_bobby_thread_target)', 'Thread-4 (_run_safe_shutdown_loop)', 'Thread-5 (_ensemble_thread_target)', 'auto-trader', 'Thread-7 (_ensemble_deep_inference_loop)', 'ensemble-trainer']
[06:33:57] background_runner alive — threads: ['MainThread', 'keep-alive', 'Thread-1 (_bg_data_loop)', 'Thread-2 (run_forever)', 'Thread-3 (_bobby_thread_target)', 'Thread-4 (_run_safe_shutdown_loop)', 'Thread-5 (_ensemble_thread_target)', 'auto-trader', 'Thread-7 (_ensemble_deep_inference_loop)', 'ensemble-trainer']
[06:38:58] background_runner alive — threads: ['MainThread', 'keep-alive', 'Thread-1 (_bg_data_loop)', 'Thread-2 (run_forever)', 'Thread-3 (_bobby_thread_target)', 'Thread-4 (_run_safe_shutdown_loop)', 'Thread-5 (_ensemble_thread_target)', 'auto-trader', 'Thread-7 (_ensemble_deep_inference_loop)', 'ensemble-trainer']
[06:43:58] background_runner alive — threads: ['MainThread', 'keep-alive', 'Thread-1 (_bg_data_loop)', 'Thread-2 (run_forever)', 'Thread-3 (_bobby_thread_target)', 'Thread-4 (_run_safe_shutdown_loop)', 'Thread-5 (_ensemble_thread_target)', 'auto-trader', 'Thread-7 (_ensemble_deep_inference_loop)', 'ensemble-trainer']
[06:48:58] background_runner alive — threads: ['MainThread', 'keep-alive', 'Thread-1 (_bg_data_loop)', 'Thread-2 (run_forever)', 'Thread-3 (_bobby_thread_target)', 'Thread-4 (_run_safe_shutdown_loop)', 'Thread-5 (_ensemble_thread_target)', 'auto-trader', 'Thread-7 (_ensemble_deep_inference_loop)', 'ensemble-trainer']
[06:53:59] background_runner alive — threads: ['MainThread', 'keep-alive', 'Thread-1 (_bg_data_loop)', 'Thread-2 (run_forever)', 'Thread-3 (_bobby_thread_target)', 'Thread-4 (_run_safe_shutdown_loop)', 'Thread-5 (_ensemble_thread_target)', 'auto-trader', 'Thread-7 (_ensemble_deep_inference_loop)', 'ensemble-trainer']
[06:58:59] background_runner alive — threads: ['MainThread', 'keep-alive', 'Thread-1 (_bg_data_loop)', 'Thread-2 (run_forever)', 'Thread-3 (_bobby_thread_target)', 'Thread-4 (_run_safe_shutdown_loop)', 'Thread-5 (_ensemble_thread_target)', 'auto-trader', 'Thread-7 (_ensemble_deep_inference_loop)', 'ensemble-trainer']
[07:03:59] background_runner alive — threads: ['MainThread', 'keep-alive', 'Thread-1 (_bg_data_loop)', 'Thread-2 (run_forever)', 'Thread-3 (_bobby_thread_target)', 'Thread-4 (_run_safe_shutdown_loop)', 'Thread-5 (_ensemble_thread_target)', 'auto-trader', 'Thread-7 (_ensemble_deep_inference_loop)', 'ensemble-trainer']
[07:08:59] background_runner alive — threads: ['MainThread', 'keep-alive', 'Thread-1 (_bg_data_loop)', 'Thread-2 (run_forever)', 'Thread-3 (_bobby_thread_target)', 'Thread-4 (_run_safe_shutdown_loop)', 'Thread-5 (_ensemble_thread_target)', 'auto-trader', 'Thread-7 (_ensemble_deep_inference_loop)', 'ensemble-trainer']
[07:13:59] background_runner alive — threads: ['MainThread', 'keep-alive', 'Thread-1 (_bg_data_loop)', 'Thread-2 (run_forever)', 'Thread-3 (_bobby_thread_target)', 'Thread-4 (_run_safe_shutdown_loop)', 'Thread-5 (_ensemble_thread_target)', 'auto-trader', 'Thread-7 (_ensemble_deep_inference_loop)', 'ensemble-trainer']
[07:19:00] background_runner alive — threads: ['MainThread', 'keep-alive', 'Thread-1 (_bg_data_loop)', 'Thread-2 (run_forever)', 'Thread-3 (_bobby_thread_target)', 'Thread-4 (_run_safe_shutdown_loop)', 'Thread-5 (_ensemble_thread_target)', 'auto-trader', 'Thread-7 (_ensemble_deep_inference_loop)', 'ensemble-trainer']
[07:24:00] background_runner alive — threads: ['MainThread', 'keep-alive', 'Thread-1 (_bg_data_loop)', 'Thread-2 (run_forever)', 'Thread-3 (_bobby_thread_target)', 'Thread-4 (_run_safe_shutdown_loop)', 'Thread-5 (_ensemble_thread_target)', 'auto-trader', 'Thread-7 (_ensemble_deep_inference_loop)', 'ensemble-trainer']
[07:29:01] background_runner alive — threads: ['MainThread', 'keep-alive', 'Thread-1 (_bg_data_loop)', 'Thread-2 (run_forever)', 'Thread-3 (_bobby_thread_target)', 'Thread-4 (_run_safe_shutdown_loop)', 'Thread-5 (_ensemble_thread_target)', 'auto-trader', 'Thread-7 (_ensemble_deep_inference_loop)', 'ensemble-trainer']</logs>
</workflow>
